[0710/185003.729:ERROR:cache_util_win.cc(20)] Unable to move the cache: Acceso denegado. (0x5)
[0710/185003.731:ERROR:cache_util.cc(144)] Unable to move cache folder C:/Users/Usuario/Desktop/Unreal Engine + Unity/UE5_Slash_Project/Slash_Project/Saved/webcache_4430\Cache to C:/Users/Usuario/Desktop/Unreal Engine + Unity/UE5_Slash_Project/Slash_Project/Saved/webcache_4430\old_Cache_000
[0710/185003.731:ERROR:disk_cache.cc(184)] Unable to create cache
[0710/185006.024:WARNING:value_store_frontend.cc(45)] Reading mhjfbmdgcfjbbpaeojofohoefgiehjai.alarms from  failed: IO error: .../LOCK: File currently in use. (ChromeMethodBFE: 15::LockFile::2)
[0710/185033.114:ERROR:database.cc(1707)] Cookie sqlite error 5, errno 33: database is locked, sql: DELETE FROM cookies WHERE name=? AND host_key=? AND path=?
[0710/185033.114:ERROR:database.cc(1707)] Cookie sqlite error 5, errno 33: database is locked, sql: INSERT INTO cookies (creation_utc, host_key, name, value, path, expires_utc, is_secure, is_httponly, last_access_utc, has_expires, is_persistent, priority, encrypted_value, samesite, source_scheme, source_port, is_same_party) VALUES (?,?,?,?,?,?,?,?,?,?,?,?,?,?,?,?,?)
[0710/185033.114:ERROR:database.cc(1707)] Cookie sqlite error 5, errno 33: database is locked, sql: DELETE FROM cookies WHERE name=? AND host_key=? AND path=?
[0710/185033.114:ERROR:database.cc(1707)] Cookie sqlite error 5, errno 33: database is locked, sql: INSERT INTO cookies (creation_utc, host_key, name, value, path, expires_utc, is_secure, is_httponly, last_access_utc, has_expires, is_persistent, priority, encrypted_value, samesite, source_scheme, source_port, is_same_party) VALUES (?,?,?,?,?,?,?,?,?,?,?,?,?,?,?,?,?)
[0710/185033.115:ERROR:database.cc(1707)] Cookie sqlite error 5, errno 33: database is locked, sql: UPDATE cookies SET last_access_utc=? WHERE name=? AND host_key=? AND path=?
[0710/185033.115:ERROR:database.cc(1707)] Cookie sqlite error 5, errno 33: cannot commit transaction - SQL statements in progress, sql: COMMIT
[0710/185156.602:ERROR:gpu_init.cc(426)] Passthrough is not supported, GL is disabled
[0710/185159.884:ERROR:gpu_init.cc(426)] Passthrough is not supported, GL is disabled
[0710/200830.655:WARNING:angle_platform_impl.cc(48)] HLSLCompiler.cpp:257 (compileToBinary): 
C:\fakepath(102,1-6): warning X4000: use of potentially uninitialized variable (dyn_index_vec4_float4)

[0710/200830.743:WARNING:angle_platform_impl.cc(48)] HLSLCompiler.cpp:257 (compileToBinary): 
C:\fakepath(125,1): warning X4000: use of potentially uninitialized variable (f_mainImage)

[0710/200830.833:WARNING:angle_platform_impl.cc(48)] HLSLCompiler.cpp:257 (compileToBinary): 
C:\fakepath(135,1): warning X4000: use of potentially uninitialized variable (f_i)
C:\fakepath(137,1): warning X4000: use of potentially uninitialized variable (f_i)
C:\fakepath(173,1): warning X4000: use of potentially uninitialized variable (f_u)

[0710/201428.883:WARNING:spdy_session.cc(3431)] Received HEADERS for invalid stream 655
[0710/201429.437:WARNING:angle_platform_impl.cc(48)] HLSLCompiler.cpp:257 (compileToBinary): 
C:\fakepath(102,1-6): warning X4000: use of potentially uninitialized variable (dyn_index_vec4_float4)

[0710/201429.517:WARNING:angle_platform_impl.cc(48)] HLSLCompiler.cpp:257 (compileToBinary): 
C:\fakepath(125,1): warning X4000: use of potentially uninitialized variable (f_mainImage)

[0710/201429.597:WARNING:angle_platform_impl.cc(48)] HLSLCompiler.cpp:257 (compileToBinary): 
C:\fakepath(135,1): warning X4000: use of potentially uninitialized variable (f_i)
C:\fakepath(137,1): warning X4000: use of potentially uninitialized variable (f_i)
C:\fakepath(173,1): warning X4000: use of potentially uninitialized variable (f_u)

[0710/201444.703:WARNING:angle_platform_impl.cc(48)] HLSLCompiler.cpp:257 (compileToBinary): 
C:\fakepath(102,1-6): warning X4000: use of potentially uninitialized variable (dyn_index_vec4_float4)

[0710/201444.789:WARNING:angle_platform_impl.cc(48)] HLSLCompiler.cpp:257 (compileToBinary): 
C:\fakepath(125,1): warning X4000: use of potentially uninitialized variable (f_mainImage)

[0710/201444.897:WARNING:angle_platform_impl.cc(48)] HLSLCompiler.cpp:257 (compileToBinary): 
C:\fakepath(135,1): warning X4000: use of potentially uninitialized variable (f_i)
C:\fakepath(137,1): warning X4000: use of potentially uninitialized variable (f_i)
C:\fakepath(173,1): warning X4000: use of potentially uninitialized variable (f_u)

[0710/201451.870:WARNING:angle_platform_impl.cc(48)] HLSLCompiler.cpp:257 (compileToBinary): 
C:\fakepath(165,1): warning X4000: use of potentially uninitialized variable (f_renderMipMapLevel)

[0710/201452.125:WARNING:angle_platform_impl.cc(48)] HLSLCompiler.cpp:257 (compileToBinary): 
C:\fakepath(381,10-38): warning X4008: floating point division by zero
C:\fakepath(381,10-38): warning X4008: floating point division by zero

[0710/201952.463:WARNING:angle_platform_impl.cc(48)] HLSLCompiler.cpp:257 (compileToBinary): 
C:\fakepath(102,1-6): warning X4000: use of potentially uninitialized variable (dyn_index_vec4_float4)

[0710/201952.544:WARNING:angle_platform_impl.cc(48)] HLSLCompiler.cpp:257 (compileToBinary): 
C:\fakepath(125,1): warning X4000: use of potentially uninitialized variable (f_mainImage)

[0710/201952.656:WARNING:angle_platform_impl.cc(48)] HLSLCompiler.cpp:257 (compileToBinary): 
C:\fakepath(135,1): warning X4000: use of potentially uninitialized variable (f_i)
C:\fakepath(137,1): warning X4000: use of potentially uninitialized variable (f_i)
C:\fakepath(173,1): warning X4000: use of potentially uninitialized variable (f_u)

[0710/201954.034:WARNING:angle_platform_impl.cc(48)] HLSLCompiler.cpp:257 (compileToBinary): 
C:\fakepath(165,1): warning X4000: use of potentially uninitialized variable (f_renderMipMapLevel)

[0710/201954.047:WARNING:angle_platform_impl.cc(48)] HLSLCompiler.cpp:257 (compileToBinary): 
C:\fakepath(165,1): warning X4000: use of potentially uninitialized variable (f_renderMipMapLevel)

[0710/202051.563:WARNING:angle_platform_impl.cc(48)] HLSLCompiler.cpp:257 (compileToBinary): 
C:\fakepath(102,1-6): warning X4000: use of potentially uninitialized variable (dyn_index_vec4_float4)

[0710/202051.749:WARNING:angle_platform_impl.cc(48)] HLSLCompiler.cpp:257 (compileToBinary): 
C:\fakepath(135,1): warning X4000: use of potentially uninitialized variable (f_i)
C:\fakepath(137,1): warning X4000: use of potentially uninitialized variable (f_i)
C:\fakepath(173,1): warning X4000: use of potentially uninitialized variable (f_u)

[0710/202053.717:WARNING:angle_platform_impl.cc(48)] HLSLCompiler.cpp:257 (compileToBinary): 
C:\fakepath(165,1): warning X4000: use of potentially uninitialized variable (f_renderMipMapLevel)

